mode: set
tutugit/internal/diff/diff.go:20.39,26.29 5 1
tutugit/internal/diff/diff.go:26.29,27.44 1 1
tutugit/internal/diff/diff.go:27.44,28.26 1 1
tutugit/internal/diff/diff.go:28.26,29.27 1 1
tutugit/internal/diff/diff.go:29.27,32.6 2 1
tutugit/internal/diff/diff.go:33.5,33.40 1 1
tutugit/internal/diff/diff.go:35.4,37.22 3 1
tutugit/internal/diff/diff.go:37.22,39.5 1 1
tutugit/internal/diff/diff.go:40.4,41.12 2 1
tutugit/internal/diff/diff.go:44.3,44.36 1 1
tutugit/internal/diff/diff.go:44.36,45.48 1 1
tutugit/internal/diff/diff.go:45.48,47.5 1 1
tutugit/internal/diff/diff.go:48.4,49.12 2 1
tutugit/internal/diff/diff.go:52.3,52.25 1 1
tutugit/internal/diff/diff.go:52.25,54.4 1 1
tutugit/internal/diff/diff.go:57.2,57.24 1 1
tutugit/internal/diff/diff.go:57.24,58.25 1 1
tutugit/internal/diff/diff.go:58.25,60.4 1 1
tutugit/internal/diff/diff.go:61.3,61.38 1 1
tutugit/internal/diff/diff.go:64.2,64.14 1 1
tutugit/internal/diff/diff.go:68.48,75.2 6 0
tutugit/internal/changelog/changelog.go:38.68,40.2 1 1
tutugit/internal/changelog/changelog.go:43.104,45.16 2 1
tutugit/internal/changelog/changelog.go:45.16,47.3 1 0
tutugit/internal/changelog/changelog.go:49.2,50.28 2 1
tutugit/internal/changelog/changelog.go:50.28,60.42 2 1
tutugit/internal/changelog/changelog.go:60.42,61.60 1 1
tutugit/internal/changelog/changelog.go:61.60,63.5 1 1
tutugit/internal/changelog/changelog.go:63.10,65.5 1 1
tutugit/internal/changelog/changelog.go:66.9,68.4 1 0
tutugit/internal/changelog/changelog.go:71.3,71.20 1 1
tutugit/internal/changelog/changelog.go:71.20,72.41 1 1
tutugit/internal/changelog/changelog.go:72.41,73.34 1 1
tutugit/internal/changelog/changelog.go:73.34,74.21 1 1
tutugit/internal/changelog/changelog.go:74.21,76.12 2 1
tutugit/internal/changelog/changelog.go:79.5,79.30 1 1
tutugit/internal/changelog/changelog.go:79.30,80.11 1 1
tutugit/internal/changelog/changelog.go:86.3,86.45 1 1
tutugit/internal/changelog/changelog.go:86.45,87.47 1 1
tutugit/internal/changelog/changelog.go:87.47,89.5 1 1
tutugit/internal/changelog/changelog.go:89.10,91.5 1 1
tutugit/internal/changelog/changelog.go:92.9,94.4 1 1
tutugit/internal/changelog/changelog.go:96.3,96.35 1 1
tutugit/internal/changelog/changelog.go:99.2,100.22 2 1
tutugit/internal/changelog/changelog.go:100.22,102.3 1 1
tutugit/internal/changelog/changelog.go:104.2,108.8 1 1
tutugit/internal/changelog/changelog.go:112.75,114.16 2 1
tutugit/internal/changelog/changelog.go:114.16,116.3 1 0
tutugit/internal/changelog/changelog.go:118.2,120.20 2 1
tutugit/internal/changelog/changelog.go:120.20,122.41 2 1
tutugit/internal/changelog/changelog.go:122.41,124.4 1 1
tutugit/internal/changelog/changelog.go:125.3,125.23 1 1
tutugit/internal/changelog/changelog.go:128.2,129.44 2 1
tutugit/internal/changelog/changelog.go:129.44,131.3 1 1
tutugit/internal/changelog/changelog.go:133.2,133.35 1 1
tutugit/internal/changelog/changelog.go:133.35,135.17 2 1
tutugit/internal/changelog/changelog.go:135.17,137.4 1 1
tutugit/internal/changelog/changelog.go:140.2,140.19 1 1
tutugit/internal/changelog/changelog.go:140.19,142.17 2 1
tutugit/internal/changelog/changelog.go:142.17,144.4 1 1
tutugit/internal/changelog/changelog.go:147.2,147.22 1 1
tutugit/internal/changelog/changelog.go:151.63,152.24 1 1
tutugit/internal/changelog/changelog.go:152.24,154.3 1 1
tutugit/internal/changelog/changelog.go:156.2,158.31 2 1
tutugit/internal/changelog/changelog.go:158.31,164.33 4 1
tutugit/internal/changelog/changelog.go:164.33,166.34 2 1
tutugit/internal/changelog/changelog.go:166.34,168.5 1 0
tutugit/internal/changelog/changelog.go:169.4,170.56 2 1
tutugit/internal/changelog/changelog.go:170.56,172.5 1 1
tutugit/internal/changelog/changelog.go:176.3,188.27 5 1
tutugit/internal/changelog/changelog.go:188.27,189.43 1 1
tutugit/internal/changelog/changelog.go:189.43,191.5 1 1
tutugit/internal/changelog/changelog.go:193.3,197.33 3 1
tutugit/internal/changelog/changelog.go:197.33,198.25 1 1
tutugit/internal/changelog/changelog.go:198.25,200.5 1 1
tutugit/internal/changelog/changelog.go:202.3,202.22 1 1
tutugit/internal/changelog/changelog.go:202.22,203.26 1 1
tutugit/internal/changelog/changelog.go:203.26,205.5 1 1
tutugit/internal/changelog/changelog.go:206.9,206.28 1 0
tutugit/internal/changelog/changelog.go:206.28,208.26 2 0
tutugit/internal/changelog/changelog.go:208.26,210.5 1 0
tutugit/internal/changelog/changelog.go:211.4,211.77 1 0
tutugit/internal/changelog/changelog.go:214.3,217.33 2 1
tutugit/internal/changelog/changelog.go:217.33,219.34 2 1
tutugit/internal/changelog/changelog.go:219.34,221.5 1 0
tutugit/internal/changelog/changelog.go:223.4,224.80 2 1
tutugit/internal/changelog/changelog.go:226.3,226.22 1 1
tutugit/internal/changelog/changelog.go:229.2,229.19 1 1
tutugit/internal/changelog/changelog.go:233.69,235.2 1 1
tutugit/internal/changelog/changelog.go:238.64,239.24 1 1
tutugit/internal/changelog/changelog.go:239.24,241.3 1 0
tutugit/internal/changelog/changelog.go:243.2,246.31 3 1
tutugit/internal/changelog/changelog.go:246.31,252.33 4 1
tutugit/internal/changelog/changelog.go:252.33,254.34 2 1
tutugit/internal/changelog/changelog.go:254.34,256.5 1 1
tutugit/internal/changelog/changelog.go:257.4,258.56 2 1
tutugit/internal/changelog/changelog.go:258.56,260.5 1 1
tutugit/internal/changelog/changelog.go:264.3,276.27 5 1
tutugit/internal/changelog/changelog.go:276.27,277.43 1 1
tutugit/internal/changelog/changelog.go:277.43,279.5 1 1
tutugit/internal/changelog/changelog.go:281.3,285.33 3 1
tutugit/internal/changelog/changelog.go:285.33,286.25 1 1
tutugit/internal/changelog/changelog.go:286.25,288.5 1 1
tutugit/internal/changelog/changelog.go:290.3,290.22 1 1
tutugit/internal/changelog/changelog.go:290.22,291.26 1 0
tutugit/internal/changelog/changelog.go:291.26,293.5 1 0
tutugit/internal/changelog/changelog.go:294.9,294.28 1 1
tutugit/internal/changelog/changelog.go:294.28,296.26 2 1
tutugit/internal/changelog/changelog.go:296.26,298.5 1 1
tutugit/internal/changelog/changelog.go:299.4,299.83 1 1
tutugit/internal/changelog/changelog.go:302.3,305.33 2 1
tutugit/internal/changelog/changelog.go:305.33,307.34 2 1
tutugit/internal/changelog/changelog.go:307.34,309.5 1 1
tutugit/internal/changelog/changelog.go:310.4,310.84 1 1
tutugit/internal/changelog/changelog.go:312.3,312.22 1 1
tutugit/internal/changelog/changelog.go:315.2,315.19 1 1
tutugit/internal/config/config.go:29.43,31.2 1 1
tutugit/internal/config/config.go:33.39,35.2 1 1
tutugit/internal/config/config.go:38.43,40.49 2 1
tutugit/internal/config/config.go:40.49,42.3 1 1
tutugit/internal/config/config.go:44.2,45.16 2 1
tutugit/internal/config/config.go:45.16,47.3 1 0
tutugit/internal/config/config.go:49.2,50.51 2 1
tutugit/internal/config/config.go:50.51,52.3 1 0
tutugit/internal/config/config.go:54.2,54.18 1 1
tutugit/internal/config/config.go:58.43,61.47 3 1
tutugit/internal/config/config.go:61.47,63.3 1 0
tutugit/internal/config/config.go:65.2,66.16 2 1
tutugit/internal/config/config.go:66.16,68.3 1 0
tutugit/internal/config/config.go:71.2,71.22 1 1
tutugit/internal/config/config.go:71.22,74.3 2 1
tutugit/internal/config/config.go:76.2,76.55 1 1
tutugit/internal/config/config.go:76.55,78.3 1 0
tutugit/internal/config/config.go:80.2,80.12 1 1
tutugit/internal/config/config.go:84.30,92.2 1 1
tutugit/cmd/tutugit/commands.go:21.39,22.24 1 0
tutugit/cmd/tutugit/commands.go:22.24,27.17 5 0
tutugit/cmd/tutugit/commands.go:27.17,29.4 1 0
tutugit/cmd/tutugit/commands.go:30.3,31.29 2 0
tutugit/cmd/tutugit/commands.go:35.41,36.24 1 0
tutugit/cmd/tutugit/commands.go:36.24,41.17 5 0
tutugit/cmd/tutugit/commands.go:41.17,43.4 1 0
tutugit/cmd/tutugit/commands.go:44.3,46.64 3 0
tutugit/cmd/tutugit/commands.go:46.64,48.4 1 0
tutugit/cmd/tutugit/commands.go:49.3,49.56 1 0
tutugit/cmd/tutugit/commands.go:55.39,57.16 2 0
tutugit/cmd/tutugit/commands.go:57.16,59.3 1 0
tutugit/cmd/tutugit/commands.go:60.2,60.28 1 0
tutugit/cmd/tutugit/commands.go:63.38,65.16 2 0
tutugit/cmd/tutugit/commands.go:65.16,67.3 1 0
tutugit/cmd/tutugit/commands.go:68.2,68.27 1 0
tutugit/cmd/tutugit/commands.go:71.41,73.16 2 0
tutugit/cmd/tutugit/commands.go:73.16,75.3 1 0
tutugit/cmd/tutugit/commands.go:76.2,76.32 1 0
tutugit/cmd/tutugit/commands.go:79.44,81.2 1 0
tutugit/cmd/tutugit/commands.go:83.54,84.24 1 0
tutugit/cmd/tutugit/commands.go:84.24,86.17 2 0
tutugit/cmd/tutugit/commands.go:86.17,88.4 1 0
tutugit/cmd/tutugit/commands.go:89.3,90.29 2 0
tutugit/cmd/tutugit/commands.go:90.29,96.4 1 0
tutugit/cmd/tutugit/commands.go:97.3,97.31 1 0
tutugit/cmd/tutugit/commands.go:101.38,103.16 2 0
tutugit/cmd/tutugit/commands.go:103.16,105.3 1 0
tutugit/cmd/tutugit/commands.go:106.2,106.26 1 0
tutugit/cmd/tutugit/commands.go:109.37,111.16 2 0
tutugit/cmd/tutugit/commands.go:111.16,113.3 1 0
tutugit/cmd/tutugit/commands.go:114.2,114.24 1 0
tutugit/cmd/tutugit/commands.go:117.36,119.16 2 0
tutugit/cmd/tutugit/commands.go:119.16,121.3 1 0
tutugit/cmd/tutugit/commands.go:122.2,122.22 1 0
tutugit/cmd/tutugit/commands.go:125.39,127.16 2 0
tutugit/cmd/tutugit/commands.go:127.16,129.3 1 0
tutugit/cmd/tutugit/commands.go:130.2,130.26 1 0
tutugit/cmd/tutugit/commands.go:133.60,134.24 1 0
tutugit/cmd/tutugit/commands.go:134.24,136.17 2 0
tutugit/cmd/tutugit/commands.go:136.17,138.4 1 0
tutugit/cmd/tutugit/commands.go:139.3,139.23 1 0
tutugit/cmd/tutugit/commands.go:144.47,145.24 1 0
tutugit/cmd/tutugit/commands.go:145.24,147.17 2 0
tutugit/cmd/tutugit/commands.go:147.17,149.4 1 0
tutugit/cmd/tutugit/commands.go:150.3,150.24 1 0
tutugit/cmd/tutugit/commands.go:154.49,155.24 1 0
tutugit/cmd/tutugit/commands.go:155.24,157.17 2 0
tutugit/cmd/tutugit/commands.go:157.17,159.4 1 0
tutugit/cmd/tutugit/commands.go:160.3,160.24 1 0
tutugit/cmd/tutugit/commands.go:164.54,165.14 1 0
tutugit/cmd/tutugit/commands.go:165.14,167.3 1 0
tutugit/cmd/tutugit/commands.go:168.2,168.28 1 0
tutugit/cmd/tutugit/commands.go:171.45,172.24 1 0
tutugit/cmd/tutugit/commands.go:172.24,175.29 2 0
tutugit/cmd/tutugit/commands.go:175.29,176.16 1 0
tutugit/cmd/tutugit/commands.go:176.16,178.10 2 0
tutugit/cmd/tutugit/commands.go:181.3,181.17 1 0
tutugit/cmd/tutugit/commands.go:181.17,183.4 1 0
tutugit/cmd/tutugit/commands.go:185.3,187.17 3 0
tutugit/cmd/tutugit/commands.go:187.17,189.4 1 0
tutugit/cmd/tutugit/commands.go:191.3,192.17 2 0
tutugit/cmd/tutugit/commands.go:192.17,194.4 1 0
tutugit/cmd/tutugit/commands.go:197.3,198.20 2 0
tutugit/cmd/tutugit/commands.go:198.20,199.56 1 0
tutugit/cmd/tutugit/commands.go:199.56,201.5 1 0
tutugit/cmd/tutugit/commands.go:205.3,205.52 1 0
tutugit/cmd/tutugit/commands.go:205.52,206.89 1 0
tutugit/cmd/tutugit/commands.go:206.89,208.5 1 0
tutugit/cmd/tutugit/commands.go:212.3,212.70 1 0
tutugit/cmd/tutugit/commands.go:212.70,214.4 1 0
tutugit/cmd/tutugit/commands.go:216.3,216.36 1 0
tutugit/cmd/tutugit/commands.go:220.59,221.24 1 0
tutugit/cmd/tutugit/commands.go:221.24,224.17 3 0
tutugit/cmd/tutugit/commands.go:224.17,226.4 1 0
tutugit/cmd/tutugit/commands.go:228.3,228.60 1 0
tutugit/cmd/tutugit/commands.go:228.60,230.4 1 0
tutugit/cmd/tutugit/commands.go:231.3,231.56 1 0
tutugit/cmd/tutugit/commands.go:235.66,236.24 1 0
tutugit/cmd/tutugit/commands.go:236.24,239.17 3 0
tutugit/cmd/tutugit/commands.go:239.17,241.4 1 0
tutugit/cmd/tutugit/commands.go:242.3,242.37 1 0
tutugit/cmd/tutugit/commands.go:246.51,247.24 1 0
tutugit/cmd/tutugit/commands.go:247.24,249.17 2 0
tutugit/cmd/tutugit/commands.go:249.17,251.4 1 0
tutugit/cmd/tutugit/commands.go:252.3,252.56 1 0
tutugit/cmd/tutugit/demo.go:14.31,44.89 7 0
tutugit/cmd/tutugit/demo.go:44.89,45.15 1 0
tutugit/cmd/tutugit/demo.go:46.30,47.148 1 0
tutugit/cmd/tutugit/demo.go:48.30,49.187 1 0
tutugit/cmd/tutugit/demo.go:50.11,51.197 1 0
tutugit/cmd/tutugit/demo.go:56.2,139.3 15 0
tutugit/cmd/tutugit/main.go:12.57,14.27 1 0
tutugit/cmd/tutugit/main.go:15.25,17.16 2 0
tutugit/cmd/tutugit/main.go:18.17,20.16 2 0
tutugit/cmd/tutugit/main.go:21.16,23.16 2 0
tutugit/cmd/tutugit/main.go:24.15,26.16 2 0
tutugit/cmd/tutugit/main.go:27.17,29.16 2 0
tutugit/cmd/tutugit/main.go:30.18,32.16 2 0
tutugit/cmd/tutugit/main.go:33.17,35.16 2 0
tutugit/cmd/tutugit/main.go:36.20,38.16 2 0
tutugit/cmd/tutugit/main.go:39.23,41.16 2 0
tutugit/cmd/tutugit/main.go:42.22,44.16 2 0
tutugit/cmd/tutugit/main.go:45.18,47.16 2 0
tutugit/cmd/tutugit/main.go:48.15,50.16 2 0
tutugit/cmd/tutugit/main.go:51.18,52.30 1 0
tutugit/cmd/tutugit/main.go:53.14,55.16 2 0
tutugit/cmd/tutugit/main.go:56.18,58.18 1 0
tutugit/cmd/tutugit/main.go:59.21,60.34 1 0
tutugit/cmd/tutugit/main.go:61.20,62.33 1 0
tutugit/cmd/tutugit/main.go:63.27,64.40 1 0
tutugit/cmd/tutugit/main.go:65.21,66.34 1 0
tutugit/cmd/tutugit/main.go:67.27,68.40 1 0
tutugit/cmd/tutugit/main.go:69.27,70.40 1 0
tutugit/cmd/tutugit/main.go:71.18,72.31 1 0
tutugit/cmd/tutugit/main.go:73.19,74.32 1 0
tutugit/cmd/tutugit/main.go:75.20,76.33 1 0
tutugit/cmd/tutugit/main.go:77.26,78.39 1 0
tutugit/cmd/tutugit/main.go:79.24,80.37 1 0
tutugit/cmd/tutugit/main.go:81.26,82.39 1 0
tutugit/cmd/tutugit/main.go:83.18,84.31 1 0
tutugit/cmd/tutugit/main.go:88.2,88.15 1 0
tutugit/cmd/tutugit/main.go:91.13,92.22 1 0
tutugit/cmd/tutugit/main.go:92.22,93.21 1 0
tutugit/cmd/tutugit/main.go:94.20,96.10 2 0
tutugit/cmd/tutugit/main.go:97.15,103.47 5 0
tutugit/cmd/tutugit/main.go:103.47,106.5 2 0
tutugit/cmd/tutugit/main.go:108.4,108.48 1 0
tutugit/cmd/tutugit/main.go:108.48,111.5 2 0
tutugit/cmd/tutugit/main.go:113.4,115.10 3 0
tutugit/cmd/tutugit/main.go:116.15,119.37 3 0
tutugit/cmd/tutugit/main.go:119.37,122.5 2 0
tutugit/cmd/tutugit/main.go:123.4,123.10 1 0
tutugit/cmd/tutugit/main.go:127.2,128.16 2 0
tutugit/cmd/tutugit/main.go:128.16,131.3 2 0
tutugit/cmd/tutugit/main.go:133.2,134.35 2 0
tutugit/cmd/tutugit/main.go:134.35,137.3 2 0
tutugit/cmd/tutugit/model.go:80.36,82.16 2 0
tutugit/cmd/tutugit/model.go:82.16,84.3 1 0
tutugit/cmd/tutugit/model.go:85.2,91.16 5 0
tutugit/cmd/tutugit/model.go:91.16,93.3 1 0
tutugit/cmd/tutugit/model.go:95.2,128.8 12 0
tutugit/cmd/tutugit/model.go:131.31,139.2 1 0
tutugit/cmd/tutugit/model.go:142.30,143.18 1 0
tutugit/cmd/tutugit/model.go:143.18,145.3 1 0
tutugit/cmd/tutugit/model.go:147.2,147.17 1 0
tutugit/cmd/tutugit/model.go:148.19,149.24 1 0
tutugit/cmd/tutugit/model.go:150.23,151.28 1 0
tutugit/cmd/tutugit/model.go:152.25,153.30 1 0
tutugit/cmd/tutugit/model.go:154.18,155.23 1 0
tutugit/cmd/tutugit/model.go:156.17,157.22 1 0
tutugit/cmd/tutugit/model.go:158.20,159.25 1 0
tutugit/cmd/tutugit/model.go:160.19,161.24 1 0
tutugit/cmd/tutugit/model.go:162.26,163.31 1 0
tutugit/cmd/tutugit/model.go:164.25,165.30 1 0
tutugit/cmd/tutugit/model.go:166.26,167.31 1 0
tutugit/cmd/tutugit/model.go:168.26,169.31 1 0
tutugit/cmd/tutugit/model.go:170.20,171.25 1 0
tutugit/cmd/tutugit/model.go:174.2,174.21 1 0
tutugit/cmd/tutugit/styles.go:56.59,63.2 3 0
tutugit/cmd/tutugit/update.go:15.59,26.2 10 0
tutugit/cmd/tutugit/update.go:29.48,31.2 1 0
tutugit/cmd/tutugit/update.go:34.46,37.30 3 0
tutugit/cmd/tutugit/update.go:37.30,39.3 1 0
tutugit/cmd/tutugit/update.go:40.2,40.38 1 0
tutugit/cmd/tutugit/update.go:40.38,42.3 1 0
tutugit/cmd/tutugit/update.go:46.44,48.64 2 0
tutugit/cmd/tutugit/update.go:48.64,50.3 1 0
tutugit/cmd/tutugit/update.go:51.2,51.22 1 0
tutugit/cmd/tutugit/update.go:55.48,57.2 1 0
tutugit/cmd/tutugit/update.go:60.50,64.2 3 0
tutugit/cmd/tutugit/update.go:67.48,71.2 3 0
tutugit/cmd/tutugit/update.go:74.54,77.2 2 0
tutugit/cmd/tutugit/update.go:80.60,82.42 2 0
tutugit/cmd/tutugit/update.go:82.42,84.3 1 0
tutugit/cmd/tutugit/update.go:88.58,93.2 4 0
tutugit/cmd/tutugit/update.go:96.50,101.2 4 0
tutugit/cmd/tutugit/update.go:104.44,107.27 3 0
tutugit/cmd/tutugit/update.go:107.27,109.25 2 0
tutugit/cmd/tutugit/update.go:109.25,112.4 2 0
tutugit/cmd/tutugit/update.go:113.8,113.33 1 0
tutugit/cmd/tutugit/update.go:113.33,117.27 3 0
tutugit/cmd/tutugit/update.go:117.27,118.33 1 0
tutugit/cmd/tutugit/update.go:118.33,120.5 1 0
tutugit/cmd/tutugit/update.go:120.10,120.40 1 0
tutugit/cmd/tutugit/update.go:120.40,122.5 1 0
tutugit/cmd/tutugit/update.go:122.10,124.5 1 0
tutugit/cmd/tutugit/update.go:126.3,126.61 1 0
tutugit/cmd/tutugit/update.go:131.53,132.27 1 0
tutugit/cmd/tutugit/update.go:132.27,134.47 1 0
tutugit/cmd/tutugit/update.go:134.47,137.4 2 0
tutugit/cmd/tutugit/update.go:139.2,141.80 3 0
tutugit/cmd/tutugit/update.go:145.44,148.2 2 0
tutugit/cmd/tutugit/update.go:151.67,152.22 1 0
tutugit/cmd/tutugit/update.go:153.23,155.17 2 0
tutugit/cmd/tutugit/update.go:156.11,157.20 1 0
tutugit/cmd/tutugit/update.go:157.20,160.4 2 0
tutugit/cmd/tutugit/update.go:162.2,164.16 3 0
tutugit/cmd/tutugit/update.go:168.66,169.22 1 0
tutugit/cmd/tutugit/update.go:170.23,172.17 2 0
tutugit/cmd/tutugit/update.go:173.17,174.25 1 0
tutugit/cmd/tutugit/update.go:174.25,177.4 2 0
tutugit/cmd/tutugit/update.go:178.19,179.46 1 0
tutugit/cmd/tutugit/update.go:179.46,182.4 2 0
tutugit/cmd/tutugit/update.go:183.15,184.31 1 0
tutugit/cmd/tutugit/update.go:184.31,187.4 2 0
tutugit/cmd/tutugit/update.go:189.2,191.16 3 0
tutugit/cmd/tutugit/update.go:195.73,196.22 1 0
tutugit/cmd/tutugit/update.go:197.18,199.17 2 0
tutugit/cmd/tutugit/update.go:200.20,201.67 1 0
tutugit/cmd/tutugit/update.go:201.67,205.4 3 0
tutugit/cmd/tutugit/update.go:207.2,207.16 1 0
tutugit/cmd/tutugit/update.go:211.67,212.22 1 0
tutugit/cmd/tutugit/update.go:213.23,215.17 2 0
tutugit/cmd/tutugit/update.go:216.11,217.63 1 0
tutugit/cmd/tutugit/update.go:217.63,221.4 3 0
tutugit/cmd/tutugit/update.go:222.17,223.26 1 0
tutugit/cmd/tutugit/update.go:223.26,226.4 2 0
tutugit/cmd/tutugit/update.go:227.3,227.17 1 0
tutugit/cmd/tutugit/update.go:228.19,229.41 1 0
tutugit/cmd/tutugit/update.go:229.41,232.4 2 0
tutugit/cmd/tutugit/update.go:233.3,233.17 1 0
tutugit/cmd/tutugit/update.go:234.15,235.63 1 0
tutugit/cmd/tutugit/update.go:235.63,239.4 3 0
tutugit/cmd/tutugit/update.go:240.3,240.17 1 0
tutugit/cmd/tutugit/update.go:241.11,244.30 3 0
tutugit/cmd/tutugit/update.go:246.2,248.16 3 0
tutugit/cmd/tutugit/update.go:252.73,253.22 1 0
tutugit/cmd/tutugit/update.go:254.18,256.17 2 0
tutugit/cmd/tutugit/update.go:257.17,258.25 1 0
tutugit/cmd/tutugit/update.go:258.25,260.4 1 0
tutugit/cmd/tutugit/update.go:261.19,262.44 1 0
tutugit/cmd/tutugit/update.go:262.44,264.4 1 0
tutugit/cmd/tutugit/update.go:265.11,266.25 1 0
tutugit/cmd/tutugit/update.go:266.25,269.4 2 0
tutugit/cmd/tutugit/update.go:270.11,271.44 1 0
tutugit/cmd/tutugit/update.go:271.44,274.4 2 0
tutugit/cmd/tutugit/update.go:275.11,276.65 1 0
tutugit/cmd/tutugit/update.go:276.65,278.4 1 0
tutugit/cmd/tutugit/update.go:279.11,280.65 1 0
tutugit/cmd/tutugit/update.go:280.65,282.4 1 0
tutugit/cmd/tutugit/update.go:283.11,284.65 1 0
tutugit/cmd/tutugit/update.go:284.65,286.4 1 0
tutugit/cmd/tutugit/update.go:287.11,288.65 1 0
tutugit/cmd/tutugit/update.go:288.65,290.4 1 0
tutugit/cmd/tutugit/update.go:291.11,292.65 1 0
tutugit/cmd/tutugit/update.go:292.65,294.4 1 0
tutugit/cmd/tutugit/update.go:295.11,296.65 1 0
tutugit/cmd/tutugit/update.go:296.65,298.4 1 0
tutugit/cmd/tutugit/update.go:299.15,300.89 1 0
tutugit/cmd/tutugit/update.go:300.89,303.30 3 0
tutugit/cmd/tutugit/update.go:303.30,305.19 2 0
tutugit/cmd/tutugit/update.go:305.19,307.6 1 0
tutugit/cmd/tutugit/update.go:308.5,308.56 1 0
tutugit/cmd/tutugit/update.go:312.2,312.16 1 0
tutugit/cmd/tutugit/update.go:316.73,317.22 1 0
tutugit/cmd/tutugit/update.go:318.11,320.29 2 0
tutugit/cmd/tutugit/update.go:320.29,322.18 2 0
tutugit/cmd/tutugit/update.go:322.18,324.5 1 0
tutugit/cmd/tutugit/update.go:325.4,325.42 1 0
tutugit/cmd/tutugit/update.go:327.11,329.29 2 0
tutugit/cmd/tutugit/update.go:329.29,331.18 2 0
tutugit/cmd/tutugit/update.go:331.18,333.5 1 0
tutugit/cmd/tutugit/update.go:334.4,334.40 1 0
tutugit/cmd/tutugit/update.go:336.11,338.29 2 0
tutugit/cmd/tutugit/update.go:338.29,340.18 2 0
tutugit/cmd/tutugit/update.go:340.18,342.5 1 0
tutugit/cmd/tutugit/update.go:343.4,343.39 1 0
tutugit/cmd/tutugit/update.go:345.18,347.17 2 0
tutugit/cmd/tutugit/update.go:349.2,349.16 1 0
tutugit/cmd/tutugit/update.go:353.64,354.22 1 0
tutugit/cmd/tutugit/update.go:355.23,357.17 2 0
tutugit/cmd/tutugit/update.go:359.2,361.16 3 0
tutugit/cmd/tutugit/update.go:365.65,366.22 1 0
tutugit/cmd/tutugit/update.go:367.18,370.17 3 0
tutugit/cmd/tutugit/update.go:371.17,372.23 1 0
tutugit/cmd/tutugit/update.go:372.23,374.4 1 0
tutugit/cmd/tutugit/update.go:375.19,376.36 1 0
tutugit/cmd/tutugit/update.go:376.36,378.4 1 0
tutugit/cmd/tutugit/update.go:379.20,381.45 1 0
tutugit/cmd/tutugit/update.go:381.45,385.4 3 0
tutugit/cmd/tutugit/update.go:387.2,387.16 1 0
tutugit/cmd/tutugit/update.go:391.66,392.22 1 0
tutugit/cmd/tutugit/update.go:393.13,395.17 2 0
tutugit/cmd/tutugit/update.go:396.15,398.25 1 0
tutugit/cmd/tutugit/update.go:399.11,400.28 1 0
tutugit/cmd/tutugit/update.go:401.16,402.28 1 0
tutugit/cmd/tutugit/update.go:403.16,404.28 1 0
tutugit/cmd/tutugit/update.go:405.16,406.23 1 0
tutugit/cmd/tutugit/update.go:408.3,409.27 2 0
tutugit/cmd/tutugit/update.go:409.27,411.4 1 0
tutugit/cmd/tutugit/update.go:412.3,412.17 1 0
tutugit/cmd/tutugit/update.go:413.15,414.32 1 0
tutugit/cmd/tutugit/update.go:414.32,417.4 2 0
tutugit/cmd/tutugit/update.go:420.2,426.46 5 0
tutugit/cmd/tutugit/update.go:426.46,428.3 1 0
tutugit/cmd/tutugit/update.go:429.2,429.16 1 0
tutugit/cmd/tutugit/update.go:433.72,434.22 1 0
tutugit/cmd/tutugit/update.go:435.13,437.17 2 0
tutugit/cmd/tutugit/update.go:438.13,439.28 1 0
tutugit/cmd/tutugit/update.go:439.28,442.4 2 0
tutugit/cmd/tutugit/update.go:442.9,445.4 2 0
tutugit/cmd/tutugit/update.go:446.3,446.17 1 0
tutugit/cmd/tutugit/update.go:447.15,448.32 1 0
tutugit/cmd/tutugit/update.go:448.32,451.4 2 0
tutugit/cmd/tutugit/update.go:453.2,454.27 2 0
tutugit/cmd/tutugit/update.go:454.27,456.3 1 0
tutugit/cmd/tutugit/update.go:456.8,458.3 1 0
tutugit/cmd/tutugit/update.go:459.2,459.16 1 0
tutugit/cmd/tutugit/update.go:463.70,464.22 1 0
tutugit/cmd/tutugit/update.go:465.18,467.15 2 0
tutugit/cmd/tutugit/update.go:468.17,469.19 1 0
tutugit/cmd/tutugit/update.go:469.19,471.4 1 0
tutugit/cmd/tutugit/update.go:472.19,473.42 1 0
tutugit/cmd/tutugit/update.go:473.42,475.4 1 0
tutugit/cmd/tutugit/update.go:476.11,480.22 4 0
tutugit/cmd/tutugit/update.go:481.11,482.87 1 0
tutugit/cmd/tutugit/update.go:482.87,485.30 3 0
tutugit/cmd/tutugit/update.go:485.30,486.64 1 0
tutugit/cmd/tutugit/update.go:486.64,488.6 1 0
tutugit/cmd/tutugit/update.go:489.5,489.46 1 0
tutugit/cmd/tutugit/update.go:493.2,493.16 1 0
tutugit/cmd/tutugit/update.go:497.72,498.22 1 0
tutugit/cmd/tutugit/update.go:499.23,501.17 2 0
tutugit/cmd/tutugit/update.go:502.17,503.27 1 0
tutugit/cmd/tutugit/update.go:503.27,505.4 1 0
tutugit/cmd/tutugit/update.go:506.19,507.44 1 0
tutugit/cmd/tutugit/update.go:507.44,509.4 1 0
tutugit/cmd/tutugit/update.go:511.2,511.16 1 0
tutugit/cmd/tutugit/update.go:515.64,516.22 1 0
tutugit/cmd/tutugit/update.go:517.21,518.22 1 0
tutugit/cmd/tutugit/update.go:519.11,521.81 2 0
tutugit/cmd/tutugit/update.go:522.17,523.19 1 0
tutugit/cmd/tutugit/update.go:523.19,525.4 1 0
tutugit/cmd/tutugit/update.go:526.19,527.32 1 0
tutugit/cmd/tutugit/update.go:527.32,529.4 1 0
tutugit/cmd/tutugit/update.go:530.20,531.47 1 0
tutugit/cmd/tutugit/update.go:531.47,535.4 3 0
tutugit/cmd/tutugit/update.go:536.20,537.47 1 0
tutugit/cmd/tutugit/update.go:537.47,538.34 1 0
tutugit/cmd/tutugit/update.go:538.34,541.5 2 0
tutugit/cmd/tutugit/update.go:541.10,546.5 4 0
tutugit/cmd/tutugit/update.go:548.11,549.47 1 0
tutugit/cmd/tutugit/update.go:549.47,555.4 5 0
tutugit/cmd/tutugit/update.go:556.11,560.28 4 0
tutugit/cmd/tutugit/update.go:561.11,565.27 4 0
tutugit/cmd/tutugit/update.go:566.11,569.30 3 0
tutugit/cmd/tutugit/update.go:570.11,571.23 1 0
tutugit/cmd/tutugit/update.go:571.23,576.4 4 0
tutugit/cmd/tutugit/update.go:577.11,579.22 2 0
tutugit/cmd/tutugit/update.go:580.11,582.15 2 0
tutugit/cmd/tutugit/update.go:583.11,586.30 3 0
tutugit/cmd/tutugit/update.go:588.2,588.16 1 0
tutugit/cmd/tutugit/views.go:13.43,18.37 4 0
tutugit/cmd/tutugit/views.go:18.37,20.26 2 0
tutugit/cmd/tutugit/views.go:20.26,22.4 1 0
tutugit/cmd/tutugit/views.go:24.3,25.22 2 0
tutugit/cmd/tutugit/views.go:26.23,27.29 1 0
tutugit/cmd/tutugit/views.go:28.23,29.31 1 0
tutugit/cmd/tutugit/views.go:30.42,31.28 1 0
tutugit/cmd/tutugit/views.go:34.3,39.26 2 0
tutugit/cmd/tutugit/views.go:39.26,41.4 1 0
tutugit/cmd/tutugit/views.go:41.9,43.4 1 0
tutugit/cmd/tutugit/views.go:46.2,47.10 2 0
tutugit/cmd/tutugit/views.go:50.43,61.2 10 0
tutugit/cmd/tutugit/views.go:63.42,67.27 3 0
tutugit/cmd/tutugit/views.go:67.27,68.19 1 0
tutugit/cmd/tutugit/views.go:68.19,70.4 1 0
tutugit/cmd/tutugit/views.go:70.9,72.4 1 0
tutugit/cmd/tutugit/views.go:73.8,74.34 1 0
tutugit/cmd/tutugit/views.go:74.34,76.29 2 0
tutugit/cmd/tutugit/views.go:76.29,78.5 1 0
tutugit/cmd/tutugit/views.go:80.4,81.17 2 0
tutugit/cmd/tutugit/views.go:81.17,83.5 1 0
tutugit/cmd/tutugit/views.go:85.4,91.29 2 0
tutugit/cmd/tutugit/views.go:91.29,93.5 1 0
tutugit/cmd/tutugit/views.go:93.10,95.5 1 0
tutugit/cmd/tutugit/views.go:99.2,100.10 2 0
tutugit/cmd/tutugit/views.go:103.43,104.66 1 0
tutugit/cmd/tutugit/views.go:104.66,106.3 1 0
tutugit/cmd/tutugit/views.go:107.2,115.10 9 0
tutugit/cmd/tutugit/views.go:118.34,119.46 1 0
tutugit/cmd/tutugit/views.go:119.46,121.3 1 0
tutugit/cmd/tutugit/views.go:122.2,125.14 4 0
tutugit/cmd/tutugit/views.go:125.14,127.3 1 0
tutugit/cmd/tutugit/views.go:127.8,129.3 1 0
tutugit/cmd/tutugit/views.go:131.2,132.48 2 0
tutugit/cmd/tutugit/views.go:135.35,136.46 1 0
tutugit/cmd/tutugit/views.go:136.46,138.3 1 0
tutugit/cmd/tutugit/views.go:139.2,143.23 4 0
tutugit/cmd/tutugit/views.go:143.23,144.19 1 0
tutugit/cmd/tutugit/views.go:144.19,146.4 1 0
tutugit/cmd/tutugit/views.go:146.9,148.4 1 0
tutugit/cmd/tutugit/views.go:149.8,150.29 1 0
tutugit/cmd/tutugit/views.go:150.29,152.25 2 0
tutugit/cmd/tutugit/views.go:152.25,154.5 1 0
tutugit/cmd/tutugit/views.go:156.4,157.25 2 0
tutugit/cmd/tutugit/views.go:157.25,161.29 3 0
tutugit/cmd/tutugit/views.go:161.29,162.35 1 0
tutugit/cmd/tutugit/views.go:162.35,164.7 1 0
tutugit/cmd/tutugit/views.go:164.12,164.42 1 0
tutugit/cmd/tutugit/views.go:164.42,166.7 1 0
tutugit/cmd/tutugit/views.go:166.12,168.7 1 0
tutugit/cmd/tutugit/views.go:170.5,170.14 1 0
tutugit/cmd/tutugit/views.go:171.10,173.5 1 0
tutugit/cmd/tutugit/views.go:177.2,178.10 2 0
tutugit/cmd/tutugit/views.go:181.38,187.18 5 0
tutugit/cmd/tutugit/views.go:187.18,189.3 1 0
tutugit/cmd/tutugit/views.go:192.2,192.46 1 0
tutugit/cmd/tutugit/views.go:192.46,194.38 2 0
tutugit/cmd/tutugit/views.go:194.38,196.4 1 0
tutugit/cmd/tutugit/views.go:199.2,199.24 1 0
tutugit/cmd/tutugit/views.go:202.34,206.21 2 0
tutugit/cmd/tutugit/views.go:206.21,208.35 2 0
tutugit/cmd/tutugit/views.go:208.35,210.4 1 0
tutugit/cmd/tutugit/views.go:211.3,211.42 1 0
tutugit/cmd/tutugit/views.go:211.42,213.4 1 0
tutugit/cmd/tutugit/views.go:214.3,214.40 1 0
tutugit/cmd/tutugit/views.go:214.40,216.4 1 0
tutugit/cmd/tutugit/views.go:218.3,218.22 1 0
tutugit/cmd/tutugit/views.go:218.22,220.29 2 0
tutugit/cmd/tutugit/views.go:220.29,222.5 1 0
tutugit/cmd/tutugit/views.go:223.4,223.13 1 0
tutugit/cmd/tutugit/views.go:227.2,229.23 2 0
tutugit/cmd/tutugit/views.go:229.23,231.3 1 0
tutugit/cmd/tutugit/views.go:233.2,233.28 1 0
tutugit/cmd/tutugit/views.go:233.28,235.20 2 0
tutugit/cmd/tutugit/views.go:235.20,237.4 1 0
tutugit/cmd/tutugit/views.go:239.3,241.15 3 0
tutugit/cmd/tutugit/views.go:241.15,244.4 2 0
tutugit/cmd/tutugit/views.go:246.3,247.20 2 0
tutugit/cmd/tutugit/views.go:247.20,249.4 1 0
tutugit/cmd/tutugit/views.go:249.9,251.4 1 0
tutugit/cmd/tutugit/views.go:254.3,254.26 1 0
tutugit/cmd/tutugit/views.go:254.26,255.40 1 0
tutugit/cmd/tutugit/views.go:255.40,257.5 1 0
tutugit/cmd/tutugit/views.go:257.10,257.31 1 0
tutugit/cmd/tutugit/views.go:257.31,259.5 1 0
tutugit/cmd/tutugit/views.go:259.10,263.38 3 0
tutugit/cmd/tutugit/views.go:263.38,265.6 1 0
tutugit/cmd/tutugit/views.go:266.5,266.49 1 0
tutugit/cmd/tutugit/views.go:266.49,267.36 1 0
tutugit/cmd/tutugit/views.go:267.36,269.7 1 0
tutugit/cmd/tutugit/views.go:269.12,269.43 1 0
tutugit/cmd/tutugit/views.go:269.43,271.7 1 0
tutugit/cmd/tutugit/views.go:271.12,273.7 1 0
tutugit/cmd/tutugit/views.go:275.5,275.38 1 0
tutugit/cmd/tutugit/views.go:275.38,277.6 1 0
tutugit/cmd/tutugit/views.go:282.2,284.10 2 0
tutugit/cmd/tutugit/views.go:287.32,289.36 2 0
tutugit/cmd/tutugit/views.go:289.36,291.26 2 0
tutugit/cmd/tutugit/views.go:291.26,293.4 1 0
tutugit/cmd/tutugit/views.go:295.3,296.36 2 0
tutugit/cmd/tutugit/views.go:297.17,298.21 1 0
tutugit/cmd/tutugit/views.go:299.17,300.21 1 0
tutugit/cmd/tutugit/views.go:301.16,302.21 1 0
tutugit/cmd/tutugit/views.go:303.19,304.21 1 0
tutugit/cmd/tutugit/views.go:307.3,314.26 2 0
tutugit/cmd/tutugit/views.go:314.26,316.4 1 0
tutugit/cmd/tutugit/views.go:316.9,318.4 1 0
tutugit/cmd/tutugit/views.go:320.2,320.41 1 0
tutugit/cmd/tutugit/views.go:323.36,329.2 5 0
tutugit/cmd/tutugit/views.go:331.33,333.30 2 0
tutugit/cmd/tutugit/views.go:333.30,335.25 2 0
tutugit/cmd/tutugit/views.go:335.25,337.4 1 0
tutugit/cmd/tutugit/views.go:339.3,340.27 2 0
tutugit/cmd/tutugit/views.go:340.27,342.4 1 0
tutugit/cmd/tutugit/views.go:344.3,351.27 2 0
tutugit/cmd/tutugit/views.go:351.27,353.4 1 0
tutugit/cmd/tutugit/views.go:353.9,355.4 1 0
tutugit/cmd/tutugit/views.go:358.3,358.32 1 0
tutugit/cmd/tutugit/views.go:358.32,361.4 2 0
tutugit/cmd/tutugit/views.go:361.9,361.34 1 0
tutugit/cmd/tutugit/views.go:361.34,363.4 1 0
tutugit/cmd/tutugit/views.go:365.3,365.27 1 0
tutugit/cmd/tutugit/views.go:365.27,367.4 1 0
tutugit/cmd/tutugit/views.go:369.2,369.42 1 0
tutugit/cmd/tutugit/views.go:372.37,378.2 5 0
tutugit/cmd/tutugit/views.go:380.40,383.18 3 0
tutugit/cmd/tutugit/views.go:383.18,385.3 1 0
tutugit/cmd/tutugit/views.go:387.2,389.50 2 0
tutugit/cmd/tutugit/views.go:389.50,391.3 1 0
tutugit/cmd/tutugit/views.go:391.8,392.39 1 0
tutugit/cmd/tutugit/views.go:392.39,394.21 2 0
tutugit/cmd/tutugit/views.go:394.21,396.5 1 0
tutugit/cmd/tutugit/views.go:397.4,398.38 2 0
tutugit/cmd/tutugit/views.go:398.38,400.5 1 0
tutugit/cmd/tutugit/views.go:401.4,402.27 2 0
tutugit/cmd/tutugit/views.go:402.27,404.5 1 0
tutugit/cmd/tutugit/views.go:405.4,405.21 1 0
tutugit/cmd/tutugit/views.go:405.21,407.5 1 0
tutugit/cmd/tutugit/views.go:407.10,409.5 1 0
tutugit/cmd/tutugit/views.go:413.2,414.10 2 0
tutugit/cmd/tutugit/views.go:417.42,426.2 8 0
tutugit/cmd/tutugit/views.go:428.36,433.51 3 0
tutugit/cmd/tutugit/views.go:433.51,436.3 2 0
tutugit/cmd/tutugit/views.go:439.2,440.22 2 0
tutugit/cmd/tutugit/views.go:440.22,447.3 3 0
tutugit/cmd/tutugit/views.go:450.2,454.26 3 0
tutugit/cmd/tutugit/views.go:454.26,456.3 1 0
tutugit/cmd/tutugit/views.go:457.2,462.10 5 0
tutugit/cmd/tutugit/views.go:465.37,468.18 3 0
tutugit/cmd/tutugit/views.go:468.18,470.3 1 0
tutugit/cmd/tutugit/views.go:471.2,474.10 4 0
tutugit/internal/workspace/semantic.go:24.39,27.20 3 1
tutugit/internal/workspace/semantic.go:27.20,29.3 1 1
tutugit/internal/workspace/semantic.go:30.2,31.40 2 1
tutugit/internal/workspace/semantic.go:31.40,33.3 1 1
tutugit/internal/workspace/semantic.go:34.2,34.15 1 0
tutugit/internal/workspace/semantic.go:41.42,48.20 5 1
tutugit/internal/workspace/semantic.go:48.20,50.22 1 1
tutugit/internal/workspace/semantic.go:50.22,52.4 1 1
tutugit/internal/workspace/semantic.go:56.2,56.46 1 1
tutugit/internal/workspace/semantic.go:56.46,58.3 1 1
tutugit/internal/workspace/semantic.go:60.2,60.20 1 1
tutugit/internal/workspace/semantic.go:60.20,63.46 2 1
tutugit/internal/workspace/semantic.go:63.46,65.4 1 1
tutugit/internal/workspace/semantic.go:69.2,69.16 1 1
tutugit/internal/workspace/workspace.go:35.43,37.2 1 1
tutugit/internal/workspace/workspace.go:39.37,41.2 1 1
tutugit/internal/workspace/workspace.go:44.37,46.41 2 1
tutugit/internal/workspace/workspace.go:46.41,48.3 1 1
tutugit/internal/workspace/workspace.go:50.2,51.47 2 1
tutugit/internal/workspace/workspace.go:51.47,53.3 1 0
tutugit/internal/workspace/workspace.go:56.2,56.40 1 1
tutugit/internal/workspace/workspace.go:56.40,58.3 1 1
tutugit/internal/workspace/workspace.go:60.2,77.21 2 1
tutugit/internal/workspace/workspace.go:80.39,84.51 3 1
tutugit/internal/workspace/workspace.go:84.51,86.3 1 1
tutugit/internal/workspace/workspace.go:88.2,88.51 1 0
tutugit/internal/workspace/workspace.go:88.51,90.3 1 0
tutugit/internal/workspace/workspace.go:92.2,93.16 2 0
tutugit/internal/workspace/workspace.go:93.16,95.3 1 0
tutugit/internal/workspace/workspace.go:97.2,97.26 1 0
tutugit/internal/workspace/workspace.go:97.26,98.16 1 0
tutugit/internal/workspace/workspace.go:98.16,99.12 1 0
tutugit/internal/workspace/workspace.go:101.3,105.17 4 0
tutugit/internal/workspace/workspace.go:105.17,107.4 1 0
tutugit/internal/workspace/workspace.go:109.3,109.56 1 0
tutugit/internal/workspace/workspace.go:109.56,111.4 1 0
tutugit/internal/workspace/workspace.go:114.2,114.12 1 0
tutugit/internal/workspace/workspace.go:118.41,120.49 2 1
tutugit/internal/workspace/workspace.go:120.49,125.3 1 1
tutugit/internal/workspace/workspace.go:127.2,128.16 2 1
tutugit/internal/workspace/workspace.go:128.16,130.3 1 0
tutugit/internal/workspace/workspace.go:132.2,133.52 2 1
tutugit/internal/workspace/workspace.go:133.52,135.3 1 0
tutugit/internal/workspace/workspace.go:137.2,137.22 1 1
tutugit/internal/workspace/workspace.go:137.22,139.3 1 0
tutugit/internal/workspace/workspace.go:140.2,140.25 1 1
tutugit/internal/workspace/workspace.go:140.25,142.3 1 0
tutugit/internal/workspace/workspace.go:143.2,143.23 1 1
tutugit/internal/workspace/workspace.go:143.23,145.3 1 0
tutugit/internal/workspace/workspace.go:147.2,147.19 1 1
tutugit/internal/workspace/workspace.go:151.42,154.47 3 1
tutugit/internal/workspace/workspace.go:154.47,156.3 1 0
tutugit/internal/workspace/workspace.go:158.2,159.16 2 1
tutugit/internal/workspace/workspace.go:159.16,161.3 1 0
tutugit/internal/workspace/workspace.go:163.2,163.55 1 1
tutugit/internal/workspace/workspace.go:163.55,165.3 1 0
tutugit/internal/workspace/workspace.go:167.2,167.12 1 1
tutugit/internal/workspace/workspace.go:171.77,173.16 2 1
tutugit/internal/workspace/workspace.go:173.16,175.3 1 0
tutugit/internal/workspace/workspace.go:177.2,178.36 2 1
tutugit/internal/workspace/workspace.go:178.36,179.26 1 1
tutugit/internal/workspace/workspace.go:179.26,180.34 1 1
tutugit/internal/workspace/workspace.go:180.34,181.25 1 1
tutugit/internal/workspace/workspace.go:181.25,183.6 1 1
tutugit/internal/workspace/workspace.go:185.4,187.9 3 1
tutugit/internal/workspace/workspace.go:191.2,191.12 1 1
tutugit/internal/workspace/workspace.go:191.12,193.3 1 1
tutugit/internal/workspace/workspace.go:195.2,195.21 1 1
tutugit/internal/workspace/workspace.go:199.55,201.16 2 1
tutugit/internal/workspace/workspace.go:201.16,203.3 1 0
tutugit/internal/workspace/workspace.go:205.2,205.22 1 1
tutugit/internal/workspace/workspace.go:205.22,207.3 1 0
tutugit/internal/workspace/workspace.go:209.2,210.25 2 1
tutugit/internal/workspace/workspace.go:210.25,211.15 1 1
tutugit/internal/workspace/workspace.go:211.15,213.4 1 1
tutugit/internal/workspace/workspace.go:216.2,217.21 2 1
tutugit/internal/workspace/workspace.go:221.60,223.16 2 1
tutugit/internal/workspace/workspace.go:223.16,225.3 1 0
tutugit/internal/workspace/workspace.go:227.2,227.25 1 1
tutugit/internal/workspace/workspace.go:227.25,229.3 1 0
tutugit/internal/workspace/workspace.go:231.2,232.21 2 1
tutugit/internal/workspace/workspace.go:236.64,238.16 2 1
tutugit/internal/workspace/workspace.go:238.16,240.3 1 0
tutugit/internal/workspace/workspace.go:242.2,242.36 1 1
tutugit/internal/workspace/workspace.go:242.36,243.17 1 1
tutugit/internal/workspace/workspace.go:243.17,245.4 1 1
tutugit/internal/workspace/workspace.go:248.2,256.21 2 1
tutugit/internal/workspace/workspace.go:260.55,262.16 2 1
tutugit/internal/workspace/workspace.go:262.16,264.3 1 0
tutugit/internal/workspace/workspace.go:267.2,267.14 1 1
tutugit/internal/workspace/workspace.go:267.14,269.37 2 1
tutugit/internal/workspace/workspace.go:269.37,270.18 1 1
tutugit/internal/workspace/workspace.go:270.18,272.10 2 1
tutugit/internal/workspace/workspace.go:275.3,275.13 1 1
tutugit/internal/workspace/workspace.go:275.13,277.4 1 1
tutugit/internal/workspace/workspace.go:280.2,281.21 2 1
tutugit/internal/workspace/workspace.go:285.61,286.36 1 1
tutugit/internal/workspace/workspace.go:286.36,287.35 1 1
tutugit/internal/workspace/workspace.go:287.35,289.4 1 1
tutugit/internal/workspace/workspace.go:291.2,291.11 1 1
tutugit/internal/hygiene/hygiene.go:25.69,27.2 1 1
tutugit/internal/hygiene/hygiene.go:30.74,35.32 3 1
tutugit/internal/hygiene/hygiene.go:35.32,37.3 1 1
tutugit/internal/hygiene/hygiene.go:40.2,41.16 2 1
tutugit/internal/hygiene/hygiene.go:41.16,43.3 1 0
tutugit/internal/hygiene/hygiene.go:47.2,48.16 2 1
tutugit/internal/hygiene/hygiene.go:48.16,49.52 1 1
tutugit/internal/hygiene/hygiene.go:49.52,51.109 2 1
tutugit/internal/hygiene/hygiene.go:51.109,53.5 1 1
tutugit/internal/hygiene/hygiene.go:59.2,59.37 1 1
tutugit/internal/hygiene/hygiene.go:59.37,60.26 1 1
tutugit/internal/hygiene/hygiene.go:60.26,62.4 1 0
tutugit/internal/hygiene/hygiene.go:65.3,66.35 2 1
tutugit/internal/hygiene/hygiene.go:66.35,67.38 1 1
tutugit/internal/hygiene/hygiene.go:67.38,69.10 2 1
tutugit/internal/hygiene/hygiene.go:72.3,72.12 1 1
tutugit/internal/hygiene/hygiene.go:72.12,74.4 1 1
tutugit/internal/hygiene/hygiene.go:77.2,77.20 1 1
tutugit/internal/git/git.go:52.40,54.2 1 1
tutugit/internal/git/git.go:57.76,66.2 4 1
tutugit/internal/git/git.go:69.75,76.34 5 1
tutugit/internal/git/git.go:76.34,81.3 1 1
tutugit/internal/git/git.go:83.2,83.29 1 1
tutugit/internal/git/git.go:87.72,89.16 2 1
tutugit/internal/git/git.go:89.16,91.3 1 0
tutugit/internal/git/git.go:92.2,92.39 1 1
tutugit/internal/git/git.go:96.65,98.16 2 1
tutugit/internal/git/git.go:98.16,100.3 1 0
tutugit/internal/git/git.go:101.2,101.20 1 1
tutugit/internal/git/git.go:105.68,107.16 2 1
tutugit/internal/git/git.go:107.16,109.3 1 0
tutugit/internal/git/git.go:110.2,110.12 1 1
tutugit/internal/git/git.go:114.70,118.16 2 1
tutugit/internal/git/git.go:118.16,120.3 1 0
tutugit/internal/git/git.go:121.2,121.12 1 1
tutugit/internal/git/git.go:125.68,127.16 2 1
tutugit/internal/git/git.go:127.16,129.3 1 0
tutugit/internal/git/git.go:130.2,130.12 1 1
tutugit/internal/git/git.go:134.73,136.16 2 1
tutugit/internal/git/git.go:136.16,138.3 1 0
tutugit/internal/git/git.go:139.2,139.37 1 1
tutugit/internal/git/git.go:143.68,145.16 2 1
tutugit/internal/git/git.go:145.16,147.3 1 1
tutugit/internal/git/git.go:148.2,148.36 1 1
tutugit/internal/git/git.go:152.89,154.12 2 1
tutugit/internal/git/git.go:154.12,156.3 1 1
tutugit/internal/git/git.go:157.2,160.16 3 1
tutugit/internal/git/git.go:160.16,162.3 1 0
tutugit/internal/git/git.go:163.2,163.18 1 1
tutugit/internal/git/git.go:167.69,171.34 3 1
tutugit/internal/git/git.go:171.34,173.3 1 0
tutugit/internal/git/git.go:174.2,174.12 1 1
tutugit/internal/git/git.go:190.71,196.2 3 1
tutugit/internal/git/git.go:198.81,200.16 2 1
tutugit/internal/git/git.go:200.16,202.3 1 0
tutugit/internal/git/git.go:204.2,204.18 1 1
tutugit/internal/git/git.go:204.18,206.3 1 0
tutugit/internal/git/git.go:208.2,210.33 3 1
tutugit/internal/git/git.go:210.33,212.19 2 1
tutugit/internal/git/git.go:212.19,213.12 1 1
tutugit/internal/git/git.go:215.3,216.36 2 1
tutugit/internal/git/git.go:216.36,217.12 1 0
tutugit/internal/git/git.go:220.3,221.21 2 1
tutugit/internal/git/git.go:221.21,223.4 1 1
tutugit/internal/git/git.go:225.3,234.21 2 1
tutugit/internal/git/git.go:234.21,236.4 1 1
tutugit/internal/git/git.go:237.3,237.31 1 1
tutugit/internal/git/git.go:239.2,239.21 1 1
tutugit/internal/git/git.go:252.79,258.16 4 1
tutugit/internal/git/git.go:258.16,260.3 1 0
tutugit/internal/git/git.go:262.2,262.18 1 1
tutugit/internal/git/git.go:262.18,264.3 1 0
tutugit/internal/git/git.go:266.2,268.29 3 1
tutugit/internal/git/git.go:268.29,270.21 2 1
tutugit/internal/git/git.go:270.21,271.12 1 0
tutugit/internal/git/git.go:276.3,280.38 4 1
tutugit/internal/git/git.go:280.38,284.4 3 1
tutugit/internal/git/git.go:284.9,284.50 1 0
tutugit/internal/git/git.go:284.50,286.4 1 0
tutugit/internal/git/git.go:288.3,293.5 1 1
tutugit/internal/git/git.go:295.2,295.21 1 1
tutugit/internal/git/git.go:307.73,309.16 2 1
tutugit/internal/git/git.go:309.16,311.3 1 0
tutugit/internal/git/git.go:313.2,313.18 1 1
tutugit/internal/git/git.go:313.18,315.3 1 0
tutugit/internal/git/git.go:317.2,321.29 4 1
tutugit/internal/git/git.go:321.29,322.17 1 1
tutugit/internal/git/git.go:322.17,323.26 1 1
tutugit/internal/git/git.go:323.26,326.5 2 1
tutugit/internal/git/git.go:327.4,327.12 1 1
tutugit/internal/git/git.go:330.3,331.21 2 1
tutugit/internal/git/git.go:331.21,332.12 1 0
tutugit/internal/git/git.go:335.3,338.14 3 1
tutugit/internal/git/git.go:339.19,340.24 1 1
tutugit/internal/git/git.go:341.17,342.61 1 1
tutugit/internal/git/git.go:343.15,344.24 1 1
tutugit/internal/git/git.go:349.2,349.24 1 1
tutugit/internal/git/git.go:349.24,351.3 1 0
tutugit/internal/git/git.go:353.2,353.27 1 1
tutugit/internal/git/git.go:353.27,354.13 1 1
tutugit/internal/git/git.go:354.13,356.4 1 1
tutugit/internal/git/git.go:359.2,359.23 1 1
tutugit/internal/git/git.go:363.78,366.16 3 1
tutugit/internal/git/git.go:366.16,368.3 1 0
tutugit/internal/git/git.go:369.2,369.12 1 1
tutugit/internal/git/git.go:373.85,375.11 2 1
tutugit/internal/git/git.go:375.11,377.3 1 1
tutugit/internal/git/git.go:378.2,379.16 2 1
tutugit/internal/git/git.go:379.16,381.3 1 0
tutugit/internal/git/git.go:382.2,382.12 1 1
tutugit/internal/git/git.go:386.72,388.16 2 1
tutugit/internal/git/git.go:388.16,390.3 1 0
tutugit/internal/git/git.go:391.2,391.12 1 1
tutugit/internal/git/git.go:414.55,419.2 2 1
tutugit/internal/git/git.go:422.60,425.2 2 1
tutugit/internal/git/git.go:428.57,431.2 2 1
tutugit/internal/git/git.go:434.56,437.2 2 1
tutugit/internal/git/git.go:440.94,443.16 3 1
tutugit/internal/git/git.go:443.16,445.3 1 0
tutugit/internal/git/git.go:446.2,447.30 2 1
tutugit/internal/git/git.go:451.99,453.26 2 1
tutugit/internal/git/git.go:453.26,455.3 1 1
tutugit/internal/git/git.go:458.2,459.16 2 1
tutugit/internal/git/git.go:459.16,461.3 1 0
tutugit/internal/git/git.go:462.2,465.61 3 1
tutugit/internal/git/git.go:465.61,467.3 1 0
tutugit/internal/git/git.go:470.2,470.40 1 1
tutugit/internal/git/git.go:470.40,472.3 1 0
tutugit/internal/git/git.go:475.2,486.34 6 1
tutugit/internal/git/git.go:486.34,489.3 1 1
tutugit/internal/git/git.go:491.2,491.12 1 0
tutugit/internal/git/git.go:504.73,506.16 2 1
tutugit/internal/git/git.go:506.16,508.3 1 0
tutugit/internal/git/git.go:510.2,510.18 1 1
tutugit/internal/git/git.go:510.18,512.3 1 0
tutugit/internal/git/git.go:514.2,516.29 3 1
tutugit/internal/git/git.go:516.29,517.20 1 1
tutugit/internal/git/git.go:517.20,518.12 1 1
tutugit/internal/git/git.go:524.3,532.49 5 1
tutugit/internal/git/git.go:532.49,534.4 1 1
tutugit/internal/git/git.go:537.3,537.51 1 1
tutugit/internal/git/git.go:537.51,539.4 1 1
tutugit/internal/git/git.go:540.3,540.74 1 1
tutugit/internal/git/git.go:540.74,542.4 1 1
tutugit/internal/git/git.go:543.3,543.51 1 1
tutugit/internal/git/git.go:543.51,545.4 1 0
tutugit/internal/git/git.go:547.3,547.27 1 1
tutugit/internal/git/git.go:549.2,549.19 1 1
tutugit/internal/git/git.go:553.65,555.16 2 1
tutugit/internal/git/git.go:555.16,557.3 1 0
tutugit/internal/git/git.go:558.2,558.18 1 1
tutugit/internal/git/git.go:558.18,560.3 1 0
tutugit/internal/git/git.go:561.2,561.60 1 1
tutugit/internal/git/git.go:565.70,568.2 2 1
tutugit/internal/git/mock.go:24.34,28.2 1 0
tutugit/internal/git/mock.go:30.79,31.22 1 0
tutugit/internal/git/mock.go:31.22,33.3 1 0
tutugit/internal/git/mock.go:34.2,34.16 1 0
tutugit/internal/git/mock.go:37.76,39.2 1 0
tutugit/internal/git/mock.go:41.69,43.2 1 0
tutugit/internal/git/mock.go:45.74,45.88 1 0
tutugit/internal/git/mock.go:46.74,46.88 1 0
tutugit/internal/git/mock.go:47.74,47.88 1 0
tutugit/internal/git/mock.go:49.77,50.24 1 0
tutugit/internal/git/mock.go:50.24,52.3 1 0
tutugit/internal/git/mock.go:53.2,53.23 1 0
tutugit/internal/git/mock.go:56.72,58.2 1 0
tutugit/internal/git/mock.go:60.93,61.26 1 0
tutugit/internal/git/mock.go:61.26,63.3 1 0
tutugit/internal/git/mock.go:64.2,64.16 1 0
tutugit/internal/git/mock.go:67.73,67.87 1 0
tutugit/internal/git/mock.go:69.75,70.24 1 0
tutugit/internal/git/mock.go:70.24,72.3 1 0
tutugit/internal/git/mock.go:73.2,73.23 1 0
tutugit/internal/git/mock.go:76.83,77.23 1 0
tutugit/internal/git/mock.go:77.23,79.3 1 0
tutugit/internal/git/mock.go:80.2,80.22 1 0
tutugit/internal/git/mock.go:83.77,85.2 1 0
tutugit/internal/git/mock.go:87.89,87.103 1 0
tutugit/internal/git/mock.go:88.89,88.103 1 0
tutugit/internal/git/mock.go:89.89,89.103 1 0
tutugit/internal/git/mock.go:91.59,93.2 1 0
tutugit/internal/git/mock.go:95.64,95.78 1 0
tutugit/internal/git/mock.go:96.64,96.78 1 0
tutugit/internal/git/mock.go:97.64,97.78 1 0
tutugit/internal/git/mock.go:99.98,102.2 1 0
tutugit/internal/git/mock.go:104.77,106.2 1 0
tutugit/internal/git/mock.go:108.69,110.2 1 0
tutugit/internal/git/mock.go:112.74,114.2 1 0
tutugit/internal/git/mock.go:116.103,118.2 1 0
